mode: set
learn/container/nonrepeatingsubstr/nonrepeating.go:7.47,12.31 4 1
learn/container/nonrepeatingsubstr/nonrepeating.go:22.2,22.18 1 1
learn/container/nonrepeatingsubstr/nonrepeating.go:12.31,13.58 1 1
learn/container/nonrepeatingsubstr/nonrepeating.go:16.3,16.28 1 1
learn/container/nonrepeatingsubstr/nonrepeating.go:19.3,19.23 1 1
learn/container/nonrepeatingsubstr/nonrepeating.go:13.58,15.4 1 1
learn/container/nonrepeatingsubstr/nonrepeating.go:16.28,18.4 1 1
learn/container/nonrepeatingsubstr/nonrepeating.go:25.13,45.2 9 0
